nvcc warning : The 'compute_35', 'compute_37', 'compute_50', 'sm_35', 'sm_37' and 'sm_50' architectures are deprecated, and may be removed in a future release (Use -Wno-deprecated-gpu-targets to suppress warning).
#$ _NVVM_BRANCH_=nvvm
#$ _SPACE_= 
#$ _CUDART_=cudart
#$ _HERE_=/usr/local/cuda/bin
#$ _THERE_=/usr/local/cuda/bin
#$ _TARGET_SIZE_=
#$ _TARGET_DIR_=
#$ _TARGET_DIR_=targets/x86_64-linux
#$ TOP=/usr/local/cuda/bin/..
#$ NVVMIR_LIBRARY_DIR=/usr/local/cuda/bin/../nvvm/libdevice
#$ LD_LIBRARY_PATH=/usr/local/cuda/bin/../lib:/usr/local/cuda-7.0/bin/lib64:/usr/local/lib:/usr/local/cuda/lib
#$ PATH=/usr/local/cuda/bin/../nvvm/bin:/usr/local/cuda/bin:/WdHeDisk/users/s3090/.autojump/bin:/WdHeDisk/users/s3090/nsight-systems-2022.2.1/bin:/WdHeDisk/users/s3090/.vscode-server/bin/74f6148eb9ea00507ec113ec51c489d6ffb4b771/bin/remote-cli:/WdHeDisk/users/s3090/bin:/WdHeDisk/users/s3090/.local/bin:/WdHeDisk/users/s3090/.autojump/bin:/WdHeDisk/users/s3090/nsight-systems-2022.2.1/bin:/mnt/miniconda3/envs/zxy/bin:/mnt/miniconda3/condabin:/usr/local/mpich-3.3.2/bin:/usr/local/cuda/bin:/usr/local/sbin:/usr/local/bin:/usr/sbin:/usr/bin:/sbin:/bin:/usr/games:/snap/bin:/usr/local/cuda/bin:/usr/local/cuda-11.1/bin/ncu:/usr/local/cuda/bin:/usr/local/cuda-11.1/bin/ncu:/usr/local/cuda/bin
#$ INCLUDES="-I/usr/local/cuda/bin/../targets/x86_64-linux/include"  
#$ LIBRARIES=  "-L/usr/local/cuda/bin/../targets/x86_64-linux/lib/stubs" "-L/usr/local/cuda/bin/../targets/x86_64-linux/lib"
#$ CUDAFE_FLAGS=
#$ PTXAS_FLAGS=
#$ rm 2mm_dlink.reg.c
#$ gcc -D__CUDA_ARCH__=350 -E -x c++  -DCUDA_DOUBLE_MATH_FUNCTIONS -D__CUDACC__ -D__NVCC__  "-I/usr/local/cuda/bin/../targets/x86_64-linux/include"    -D__CUDACC_VER_MAJOR__=11 -D__CUDACC_VER_MINOR__=1 -D__CUDACC_VER_BUILD__=74 -D__CUDA_API_VER_MAJOR__=11 -D__CUDA_API_VER_MINOR__=1 -include "cuda_runtime.h" -m64 "2mm.cu" -o "2mm.cpp1.ii" 
#$ cicc --c++14 --gnu_version=90500 --orig_src_file_name "2mm.cu" --allow_managed   -arch compute_35 -m64 -ftz=0 -prec_div=1 -prec_sqrt=1 -fmad=1 --include_file_name "2mm.fatbin.c" -tused -nvvmir-library "/usr/local/cuda/bin/../nvvm/libdevice/libdevice.10.bc" --gen_module_id_file --module_id_file_name "2mm.module_id" --gen_c_file_name "2mm.cudafe1.c" --stub_file_name "2mm.cudafe1.stub.c" --gen_device_file_name "2mm.cudafe1.gpu"  "2mm.cpp1.ii" -o "2mm.ptx"
#$ ptxas -arch=sm_35 -m64  "2mm.ptx"  -o "2mm.sm_35.cubin" 
#$ fatbinary --create="2mm.fatbin" -64 --cicc-cmdline="-ftz=0 -prec_div=1 -prec_sqrt=1 -fmad=1 " "--image3=kind=elf,sm=35,file=2mm.sm_35.cubin" "--image3=kind=ptx,sm=35,file=2mm.ptx" --embedded-fatbin="2mm.fatbin.c" 
#$ gcc -E -x c++ -D__CUDACC__ -D__NVCC__  "-I/usr/local/cuda/bin/../targets/x86_64-linux/include"    -D__CUDACC_VER_MAJOR__=11 -D__CUDACC_VER_MINOR__=1 -D__CUDACC_VER_BUILD__=74 -D__CUDA_API_VER_MAJOR__=11 -D__CUDA_API_VER_MINOR__=1 -include "cuda_runtime.h" -m64 "2mm.cu" -o "2mm.cpp4.ii" 
#$ cudafe++ --c++14 --gnu_version=90500 --orig_src_file_name "2mm.cu" --allow_managed  --m64 --parse_templates --gen_c_file_name "2mm.cudafe1.cpp" --stub_file_name "2mm.cudafe1.stub.c" --module_id_file_name "2mm.module_id" "2mm.cpp4.ii" 
#$ gcc -D__CUDA_ARCH__=350 -c -x c++  -DCUDA_DOUBLE_MATH_FUNCTIONS "-I/usr/local/cuda/bin/../targets/x86_64-linux/include"   -m64 "2mm.cudafe1.cpp" -o "2mm.o" 
#$ nvlink --arch=sm_35 --register-link-binaries="2mm_dlink.reg.c"  -m64   "-L/usr/local/cuda/bin/../targets/x86_64-linux/lib/stubs" "-L/usr/local/cuda/bin/../targets/x86_64-linux/lib" -cpu-arch=X86_64 "2mm.o"  -lcudadevrt  -o "2mm_dlink.sm_35.cubin"
#$ fatbinary --create="2mm_dlink.fatbin" -64 --cicc-cmdline="-ftz=0 -prec_div=1 -prec_sqrt=1 -fmad=1 " -link "--image3=kind=elf,sm=35,file=2mm_dlink.sm_35.cubin" --embedded-fatbin="2mm_dlink.fatbin.c" 
#$ gcc -c -x c++ -DFATBINFILE="\"2mm_dlink.fatbin.c\"" -DREGISTERLINKBINARYFILE="\"2mm_dlink.reg.c\"" -I. -D__NV_EXTRA_INITIALIZATION= -D__NV_EXTRA_FINALIZATION= -D__CUDA_INCLUDE_COMPILER_INTERNAL_HEADERS__  "-I/usr/local/cuda/bin/../targets/x86_64-linux/include"    -D__CUDACC_VER_MAJOR__=11 -D__CUDACC_VER_MINOR__=1 -D__CUDACC_VER_BUILD__=74 -D__CUDA_API_VER_MAJOR__=11 -D__CUDA_API_VER_MINOR__=1 -m64 "/usr/local/cuda/bin/crt/link.stub" -o "2mm_dlink.o" 
#$ g++ -m64 -Wl,--start-group "2mm_dlink.o" "2mm.o"   "-L/usr/local/cuda/bin/../targets/x86_64-linux/lib/stubs" "-L/usr/local/cuda/bin/../targets/x86_64-linux/lib"  -lcudadevrt  -lcudart_static  -lrt -lpthread  -ldl  -Wl,--end-group -o "2mm" 
